<?xml version="1.0" encoding="UTF-8"?>
<!-- Generated by org.testng.reporters.JUnitXMLReporter -->
<testsuite ignored="2" hostname="LAPTOP-EELAABPC" failures="1" tests="1" name="ChromeTest" time="22.875" errors="0" timestamp="2022-10-20T11:26:44 IST">
  <testcase classname="TestNg_Twitter.Twitter_1_home" name="@AfterMethod logouttwitter" time="3.054">
    <failure type="org.openqa.selenium.ElementClickInterceptedException" message="element click intercepted: Element &amp;lt;div class=&amp;quot;css-1dbjc4n r-172uzmj r-1pi2tsx r-1ny4l3l r-13qz1uu&amp;quot;&amp;gt;&amp;lt;/div&amp;gt; is not clickable at point (136, 512). Other element would receive the click: &amp;lt;div class=&amp;quot;css-1dbjc4n r-11z020y r-1p0dtai r-1d2f490 r-1xcajam r-zchlnj r-ipm5af&amp;quot; data-testid=&amp;quot;mask&amp;quot;&amp;gt;&amp;lt;/div&amp;gt;
  (Session info: chrome=106.0.5249.119)
Build info: version: &amp;apos;3.141.59&amp;apos;, revision: &amp;apos;e82be7d358&amp;apos;, time: &amp;apos;2018-11-14T08:17:03&amp;apos;
System info: host: &amp;apos;LAPTOP-EELAABPC&amp;apos;, ip: &amp;apos;192.168.1.9&amp;apos;, os.name: &amp;apos;Windows 11&amp;apos;, os.arch: &amp;apos;amd64&amp;apos;, os.version: &amp;apos;10.0&amp;apos;, java.version: &amp;apos;18&amp;apos;
Driver info: org.openqa.selenium.chrome.ChromeDriver
Capabilities {acceptInsecureCerts: false, browserName: chrome, browserVersion: 106.0.5249.119, chrome: {chromedriverVersion: 105.0.5195.52 (412c95e51883..., userDataDir: C:\Users\amolb\AppData\Loca...}, goog:chromeOptions: {debuggerAddress: localhost:53298}, javascriptEnabled: true, networkConnectionEnabled: false, pageLoadStrategy: normal, platform: WINDOWS, platformName: WINDOWS, proxy: Proxy(), setWindowRect: true, strictFileInteractability: false, timeouts: {implicit: 0, pageLoad: 300000, script: 30000}, unhandledPromptBehavior: dismiss and notify, webauthn:extension:credBlob: true, webauthn:extension:largeBlob: true, webauthn:virtualAuthenticators: true}
Session ID: e4f7897e95d9bfa78c958407a295f141">
      <![CDATA[org.openqa.selenium.ElementClickInterceptedException: element click intercepted: Element <div class="css-1dbjc4n r-172uzmj r-1pi2tsx r-1ny4l3l r-13qz1uu"></div> is not clickable at point (136, 512). Other element would receive the click: <div class="css-1dbjc4n r-11z020y r-1p0dtai r-1d2f490 r-1xcajam r-zchlnj r-ipm5af" data-testid="mask"></div>
  (Session info: chrome=106.0.5249.119)
Build info: version: '3.141.59', revision: 'e82be7d358', time: '2018-11-14T08:17:03'
System info: host: 'LAPTOP-EELAABPC', ip: '192.168.1.9', os.name: 'Windows 11', os.arch: 'amd64', os.version: '10.0', java.version: '18'
Driver info: org.openqa.selenium.chrome.ChromeDriver
Capabilities {acceptInsecureCerts: false, browserName: chrome, browserVersion: 106.0.5249.119, chrome: {chromedriverVersion: 105.0.5195.52 (412c95e51883..., userDataDir: C:\Users\amolb\AppData\Loca...}, goog:chromeOptions: {debuggerAddress: localhost:53298}, javascriptEnabled: true, networkConnectionEnabled: false, pageLoadStrategy: normal, platform: WINDOWS, platformName: WINDOWS, proxy: Proxy(), setWindowRect: true, strictFileInteractability: false, timeouts: {implicit: 0, pageLoad: 300000, script: 30000}, unhandledPromptBehavior: dismiss and notify, webauthn:extension:credBlob: true, webauthn:extension:largeBlob: true, webauthn:virtualAuthenticators: true}
Session ID: e4f7897e95d9bfa78c958407a295f141
at org.openqa.selenium.remote.http.W3CHttpResponseCodec.createException(W3CHttpResponseCodec.java:187)
at org.openqa.selenium.remote.http.W3CHttpResponseCodec.decode(W3CHttpResponseCodec.java:122)
at org.openqa.selenium.remote.http.W3CHttpResponseCodec.decode(W3CHttpResponseCodec.java:49)
at org.openqa.selenium.remote.HttpCommandExecutor.execute(HttpCommandExecutor.java:158)
at org.openqa.selenium.remote.service.DriverCommandExecutor.execute(DriverCommandExecutor.java:83)
at org.openqa.selenium.remote.RemoteWebDriver.execute(RemoteWebDriver.java:552)
at org.openqa.selenium.remote.RemoteWebElement.execute(RemoteWebElement.java:285)
at org.openqa.selenium.remote.RemoteWebElement.click(RemoteWebElement.java:84)
at org.openqa.selenium.support.pagefactory.internal.LocatingElementHandler.invoke(LocatingElementHandler.java:51)
at jdk.proxy2/jdk.proxy2.$Proxy17.click(Unknown Source)
at Twitter.TLogout.closetwitter(TLogout.java:27)
at TestNg_Twitter.Twitter_1_home.logouttwitter(Twitter_1_home.java:130)
at java.base/java.util.ArrayList.forEach(ArrayList.java:1511)
... Removed 35 stack frames]]>
    </failure>
  </testcase> <!-- @AfterMethod logouttwitter -->
  <testcase classname="TestNg_Twitter.Twitter_1_home" name="@AfterClass Clearobject" time="-1.666245404637E9">
    <skipped/>
  </testcase> <!-- @AfterClass Clearobject -->
  <testcase classname="TestNg_Twitter.Twitter_1_home" name="@AfterTest closebrowser" time="-1.666245404653E9">
    <skipped/>
  </testcase> <!-- @AfterTest closebrowser -->
  <testcase classname="TestNg_Twitter.Twitter_1_home" name="HomeGIF" time="2.248">
    <failure type="java.lang.AssertionError" message="expected [https://twitter.com/i/foundmedia/s] but found [https://twitter.com/i/foundmedia/search]">
      <![CDATA[java.lang.AssertionError: expected [https://twitter.com/i/foundmedia/s] but found [https://twitter.com/i/foundmedia/search]
at TestNg_Twitter.Twitter_1_home.HomeGIF(Twitter_1_home.java:87)
at java.base/java.util.ArrayList.forEach(ArrayList.java:1511)
... Removed 31 stack frames]]>
    </failure>
  </testcase> <!-- HomeGIF -->
  <testcase classname="TestNg_Twitter.Twitter_1_home" name="HomeAddPoll" time="0.0">
    <ignored/>
  </testcase> <!-- HomeAddPoll -->
  <testcase classname="TestNg_Twitter.Twitter_1_home" name="HomeScheduleTweet" time="0.0">
    <ignored/>
  </testcase> <!-- HomeScheduleTweet -->
</testsuite> <!-- ChromeTest -->
