<?xml version="1.0" encoding="UTF-8"?>
<!-- Generated by org.testng.reporters.JUnitXMLReporter -->
<testsuite ignored="2" hostname="LAPTOP-EELAABPC" failures="1" tests="1" name="FirefoxTest" time="23.446" errors="0" timestamp="2022-10-20T11:27:08 IST">
  <testcase classname="TestNg_Twitter.Twitter_1_home" name="@AfterMethod logouttwitter" time="0.369">
    <failure type="org.openqa.selenium.ElementClickInterceptedException" message="Element &amp;lt;div class=&amp;quot;css-1dbjc4n r-172uzmj r-1pi2tsx r-1ny4l3l r-13qz1uu&amp;quot;&amp;gt; is not clickable at point (51,543) because another element &amp;lt;div class=&amp;quot;css-1dbjc4n r-11z020y r-1p0dtai r-1d2f490 r-1xcajam r-zchlnj r-ipm5af&amp;quot;&amp;gt; obscures it
Build info: version: &amp;apos;3.141.59&amp;apos;, revision: &amp;apos;e82be7d358&amp;apos;, time: &amp;apos;2018-11-14T08:17:03&amp;apos;
System info: host: &amp;apos;LAPTOP-EELAABPC&amp;apos;, ip: &amp;apos;192.168.1.9&amp;apos;, os.name: &amp;apos;Windows 11&amp;apos;, os.arch: &amp;apos;amd64&amp;apos;, os.version: &amp;apos;10.0&amp;apos;, java.version: &amp;apos;18&amp;apos;
Driver info: org.openqa.selenium.firefox.FirefoxDriver
Capabilities {acceptInsecureCerts: true, browserName: firefox, browserVersion: 106.0, javascriptEnabled: true, moz:accessibilityChecks: false, moz:buildID: 20221010110315, moz:geckodriverVersion: 0.31.0, moz:headless: false, moz:platformVersion: 10.0, moz:processID: 7488, moz:profile: C:\Users\amolb\AppData\Loca..., moz:shutdownTimeout: 60000, moz:useNonSpecCompliantPointerOrigin: false, moz:webdriverClick: true, moz:windowless: false, pageLoadStrategy: normal, platform: WINDOWS, platformName: WINDOWS, proxy: Proxy(), setWindowRect: true, strictFileInteractability: false, timeouts: {implicit: 0, pageLoad: 300000, script: 30000}, unhandledPromptBehavior: dismiss and notify}
Session ID: 954f4016-3597-4319-b294-fa37b4a7243a">
      <![CDATA[org.openqa.selenium.ElementClickInterceptedException: Element <div class="css-1dbjc4n r-172uzmj r-1pi2tsx r-1ny4l3l r-13qz1uu"> is not clickable at point (51,543) because another element <div class="css-1dbjc4n r-11z020y r-1p0dtai r-1d2f490 r-1xcajam r-zchlnj r-ipm5af"> obscures it
Build info: version: '3.141.59', revision: 'e82be7d358', time: '2018-11-14T08:17:03'
System info: host: 'LAPTOP-EELAABPC', ip: '192.168.1.9', os.name: 'Windows 11', os.arch: 'amd64', os.version: '10.0', java.version: '18'
Driver info: org.openqa.selenium.firefox.FirefoxDriver
Capabilities {acceptInsecureCerts: true, browserName: firefox, browserVersion: 106.0, javascriptEnabled: true, moz:accessibilityChecks: false, moz:buildID: 20221010110315, moz:geckodriverVersion: 0.31.0, moz:headless: false, moz:platformVersion: 10.0, moz:processID: 7488, moz:profile: C:\Users\amolb\AppData\Loca..., moz:shutdownTimeout: 60000, moz:useNonSpecCompliantPointerOrigin: false, moz:webdriverClick: true, moz:windowless: false, pageLoadStrategy: normal, platform: WINDOWS, platformName: WINDOWS, proxy: Proxy(), setWindowRect: true, strictFileInteractability: false, timeouts: {implicit: 0, pageLoad: 300000, script: 30000}, unhandledPromptBehavior: dismiss and notify}
Session ID: 954f4016-3597-4319-b294-fa37b4a7243a
at org.openqa.selenium.remote.http.W3CHttpResponseCodec.createException(W3CHttpResponseCodec.java:187)
at org.openqa.selenium.remote.http.W3CHttpResponseCodec.decode(W3CHttpResponseCodec.java:122)
at org.openqa.selenium.remote.http.W3CHttpResponseCodec.decode(W3CHttpResponseCodec.java:49)
at org.openqa.selenium.remote.HttpCommandExecutor.execute(HttpCommandExecutor.java:158)
at org.openqa.selenium.remote.service.DriverCommandExecutor.execute(DriverCommandExecutor.java:83)
at org.openqa.selenium.remote.RemoteWebDriver.execute(RemoteWebDriver.java:552)
at org.openqa.selenium.remote.RemoteWebElement.execute(RemoteWebElement.java:285)
at org.openqa.selenium.remote.RemoteWebElement.click(RemoteWebElement.java:84)
at org.openqa.selenium.support.pagefactory.internal.LocatingElementHandler.invoke(LocatingElementHandler.java:51)
at jdk.proxy2/jdk.proxy2.$Proxy17.click(Unknown Source)
at Twitter.TLogout.closetwitter(TLogout.java:27)
at TestNg_Twitter.Twitter_1_home.logouttwitter(Twitter_1_home.java:130)
at java.base/java.util.ArrayList.forEach(ArrayList.java:1511)
... Removed 35 stack frames]]>
    </failure>
  </testcase> <!-- @AfterMethod logouttwitter -->
  <testcase classname="TestNg_Twitter.Twitter_1_home" name="@AfterClass Clearobject" time="-1.666245428184E9">
    <skipped/>
  </testcase> <!-- @AfterClass Clearobject -->
  <testcase classname="TestNg_Twitter.Twitter_1_home" name="@AfterTest closebrowser" time="-1.666245428186E9">
    <skipped/>
  </testcase> <!-- @AfterTest closebrowser -->
  <testcase classname="TestNg_Twitter.Twitter_1_home" name="HomeGIF" time="2.504">
    <failure type="java.lang.AssertionError" message="expected [https://twitter.com/i/foundmedia/s] but found [https://twitter.com/i/foundmedia/search]">
      <![CDATA[java.lang.AssertionError: expected [https://twitter.com/i/foundmedia/s] but found [https://twitter.com/i/foundmedia/search]
at TestNg_Twitter.Twitter_1_home.HomeGIF(Twitter_1_home.java:87)
at java.base/java.util.ArrayList.forEach(ArrayList.java:1511)
... Removed 31 stack frames]]>
    </failure>
  </testcase> <!-- HomeGIF -->
  <testcase classname="TestNg_Twitter.Twitter_1_home" name="HomeAddPoll" time="0.0">
    <ignored/>
  </testcase> <!-- HomeAddPoll -->
  <testcase classname="TestNg_Twitter.Twitter_1_home" name="HomeScheduleTweet" time="0.0">
    <ignored/>
  </testcase> <!-- HomeScheduleTweet -->
</testsuite> <!-- FirefoxTest -->
