<html>
<head>
<title>TestNG:  Test</title>
<link href="../testng.css" rel="stylesheet" type="text/css" />
<link href="../my-testng.css" rel="stylesheet" type="text/css" />

<style type="text/css">
.log { display: none;} 
.stack-trace { display: none;} 
</style>
<script type="text/javascript">
<!--
function flip(e) {
  current = e.style.display;
  if (current == 'block') {
    e.style.display = 'none';
    return 0;
  }
  else {
    e.style.display = 'block';
    return 1;
  }
}

function toggleBox(szDivId, elem, msg1, msg2)
{
  var res = -1;  if (document.getElementById) {
    res = flip(document.getElementById(szDivId));
  }
  else if (document.all) {
    // this is the way old msie versions work
    res = flip(document.all[szDivId]);
  }
  if(elem) {
    if(res == 0) elem.innerHTML = msg1; else elem.innerHTML = msg2;
  }

}

function toggleAllBoxes() {
  if (document.getElementsByTagName) {
    d = document.getElementsByTagName('div');
    for (i = 0; i < d.length; i++) {
      if (d[i].className == 'log') {
        flip(d[i]);
      }
    }
  }
}

// -->
</script>

</head>
<body>
<h2 align='center'>Test</h2><table border='1' align="center">
<tr>
<td>Tests passed/Failed/Skipped:</td><td>0/0/5</td>
</tr><tr>
<td>Started on:</td><td>Thu Oct 13 11:14:12 IST 2022</td>
</tr>
<tr><td>Total time:</td><td>0 seconds (80 ms)</td>
</tr><tr>
<td>Included groups:</td><td></td>
</tr><tr>
<td>Excluded groups:</td><td></td>
</tr>
</table><p/>
<small><i>(Hover the method name to see the test class name)</i></small><p/>
<table width='100%' border='1' class='invocation-failed'>
<tr><td colspan='4' align='center'><b>FAILED CONFIGURATIONS</b></td></tr>
<tr><td><b>Test method</b></td>
<td width="30%"><b>Exception</b></td>
<td width="10%"><b>Time (seconds)</b></td>
<td><b>Instance</b></td>
</tr>
<tr>
<td title='TestNg_Twitter.Twitter_1_home.openbrowser()'><b>openbrowser</b><br>Test class: TestNg_Twitter.Twitter_1_home</td>
<td><div><pre>org.testng.TestNGException: 
Parameter &apos;browser&apos; is required by BeforeTest on method openbrowser but has not been marked @Optional or defined
in C:\Users\amolb\eclipse-workspace\june11\testngregressiontwitter.xml
... Removed 21 stack frames</pre></div><a href='#' onClick='toggleBox("stack-trace1083021083", this, "Click to show all stack frames", "Click to hide stack frames")'>Click to show all stack frames</a>
<div class='stack-trace' id='stack-trace1083021083'><pre>org.testng.TestNGException: 
Parameter &apos;browser&apos; is required by BeforeTest on method openbrowser but has not been marked @Optional or defined
in C:\Users\amolb\eclipse-workspace\june11\testngregressiontwitter.xml
	at org.testng.internal.Parameters.createParams(Parameters.java:270)
	at org.testng.internal.Parameters.createParametersForMethod(Parameters.java:358)
	at org.testng.internal.Parameters.createParameters(Parameters.java:700)
	at org.testng.internal.Parameters.createConfigurationParameters(Parameters.java:168)
	at org.testng.internal.ConfigInvoker.invokeConfigurations(ConfigInvoker.java:302)
	at org.testng.TestRunner.invokeTestConfigurations(TestRunner.java:637)
	at org.testng.TestRunner.beforeRun(TestRunner.java:627)
	at org.testng.TestRunner.run(TestRunner.java:589)
	at org.testng.SuiteRunner.runTest(SuiteRunner.java:377)
	at org.testng.SuiteRunner.runSequentially(SuiteRunner.java:371)
	at org.testng.SuiteRunner.privateRun(SuiteRunner.java:332)
	at org.testng.SuiteRunner.run(SuiteRunner.java:276)
	at org.testng.SuiteRunnerWorker.runSuite(SuiteRunnerWorker.java:53)
	at org.testng.SuiteRunnerWorker.run(SuiteRunnerWorker.java:96)
	at org.testng.TestNG.runSuitesSequentially(TestNG.java:1212)
	at org.testng.TestNG.runSuitesLocally(TestNG.java:1134)
	at org.testng.TestNG.runSuites(TestNG.java:1063)
	at org.testng.TestNG.run(TestNG.java:1031)
	at org.testng.remote.AbstractRemoteTestNG.run(AbstractRemoteTestNG.java:115)
	at org.testng.remote.RemoteTestNG.initAndRun(RemoteTestNG.java:251)
	at org.testng.remote.RemoteTestNG.main(RemoteTestNG.java:77)
</pre></div></td>
<td>-1665639852</td>
<td>TestNg_Twitter.Twitter_1_home@12468a38</td></tr>
</table><p>
<table width='100%' border='1' class='invocation-skipped'>
<tr><td colspan='4' align='center'><b>SKIPPED CONFIGURATIONS</b></td></tr>
<tr><td><b>Test method</b></td>
<td width="30%"><b>Exception</b></td>
<td width="10%"><b>Time (seconds)</b></td>
<td><b>Instance</b></td>
</tr>
<tr>
<td title='TestNg_Twitter.Twitter_1_home.logouttwitter()'><b>logouttwitter</b><br>Test class: TestNg_Twitter.Twitter_1_home</td>
<td></td>
<td>-1665639852</td>
<td>TestNg_Twitter.Twitter_1_home@12468a38</td></tr>
<tr>
<td title='TestNg_Twitter.Twitter_4_messages.createobjectm()'><b>createobjectm</b><br>Test class: TestNg_Twitter.Twitter_4_messages</td>
<td></td>
<td>-1665639852</td>
<td>TestNg_Twitter.Twitter_4_messages@37afeb11</td></tr>
<tr>
<td title='TestNg_Twitter.Twitter_3_notification.closebrowser()'><b>closebrowser</b><br>Test class: TestNg_Twitter.Twitter_3_notification</td>
<td></td>
<td>-1665639852</td>
<td>TestNg_Twitter.Twitter_3_notification@52bf72b5</td></tr>
<tr>
<td title='TestNg_Twitter.Twitter_1_home.ctreateobject()'><b>ctreateobject</b><br>Test class: TestNg_Twitter.Twitter_1_home</td>
<td></td>
<td>-1665639852</td>
<td>TestNg_Twitter.Twitter_1_home@12468a38</td></tr>
<tr>
<td title='TestNg_Twitter.Twitter_3_notification.Clearobject()'><b>Clearobject</b><br>Test class: TestNg_Twitter.Twitter_3_notification</td>
<td></td>
<td>-1665639852</td>
<td>TestNg_Twitter.Twitter_3_notification@52bf72b5</td></tr>
<tr>
<td title='TestNg_Twitter.Twitter_4_messages.logouttwitter()'><b>logouttwitter</b><br>Test class: TestNg_Twitter.Twitter_4_messages</td>
<td></td>
<td>-1665639852</td>
<td>TestNg_Twitter.Twitter_4_messages@37afeb11</td></tr>
<tr>
<td title='TestNg_Twitter.Twitter_3_notification.openbrowsern()'><b>openbrowsern</b><br>Test class: TestNg_Twitter.Twitter_3_notification</td>
<td></td>
<td>-1665639852</td>
<td>TestNg_Twitter.Twitter_3_notification@52bf72b5</td></tr>
<tr>
<td title='TestNg_Twitter.Twitter_5_profile.logouttwitter()'><b>logouttwitter</b><br>Test class: TestNg_Twitter.Twitter_5_profile</td>
<td></td>
<td>-1665639852</td>
<td>TestNg_Twitter.Twitter_5_profile@515aebb0</td></tr>
<tr>
<td title='TestNg_Twitter.Twitter_2_search.createobjects()'><b>createobjects</b><br>Test class: TestNg_Twitter.Twitter_2_search</td>
<td></td>
<td>-1665639852</td>
<td>TestNg_Twitter.Twitter_2_search@6d763516</td></tr>
<tr>
<td title='TestNg_Twitter.Twitter_4_messages.openbrowserm()'><b>openbrowserm</b><br>Test class: TestNg_Twitter.Twitter_4_messages</td>
<td></td>
<td>-1665639852</td>
<td>TestNg_Twitter.Twitter_4_messages@37afeb11</td></tr>
<tr>
<td title='TestNg_Twitter.Twitter_5_profile.createobjectp()'><b>createobjectp</b><br>Test class: TestNg_Twitter.Twitter_5_profile</td>
<td></td>
<td>-1665639852</td>
<td>TestNg_Twitter.Twitter_5_profile@515aebb0</td></tr>
<tr>
<td title='TestNg_Twitter.Twitter_3_notification.logouttwitter()'><b>logouttwitter</b><br>Test class: TestNg_Twitter.Twitter_3_notification</td>
<td></td>
<td>-1665639852</td>
<td>TestNg_Twitter.Twitter_3_notification@52bf72b5</td></tr>
<tr>
<td title='TestNg_Twitter.Twitter_5_profile.Clearobject()'><b>Clearobject</b><br>Test class: TestNg_Twitter.Twitter_5_profile</td>
<td></td>
<td>-1665639852</td>
<td>TestNg_Twitter.Twitter_5_profile@515aebb0</td></tr>
<tr>
<td title='TestNg_Twitter.Twitter_1_home.logintwitter()'><b>logintwitter</b><br>Test class: TestNg_Twitter.Twitter_1_home</td>
<td></td>
<td>-1665639852</td>
<td>TestNg_Twitter.Twitter_1_home@12468a38</td></tr>
<tr>
<td title='TestNg_Twitter.Twitter_2_search.Clearobject()'><b>Clearobject</b><br>Test class: TestNg_Twitter.Twitter_2_search</td>
<td></td>
<td>-1665639852</td>
<td>TestNg_Twitter.Twitter_2_search@6d763516</td></tr>
<tr>
<td title='TestNg_Twitter.Twitter_2_search.logintwitter()'><b>logintwitter</b><br>Test class: TestNg_Twitter.Twitter_2_search</td>
<td></td>
<td>-1665639852</td>
<td>TestNg_Twitter.Twitter_2_search@6d763516</td></tr>
<tr>
<td title='TestNg_Twitter.Twitter_1_home.closebrowser()'><b>closebrowser</b><br>Test class: TestNg_Twitter.Twitter_1_home</td>
<td></td>
<td>-1665639852</td>
<td>TestNg_Twitter.Twitter_1_home@12468a38</td></tr>
<tr>
<td title='TestNg_Twitter.Twitter_5_profile.logintwitter()'><b>logintwitter</b><br>Test class: TestNg_Twitter.Twitter_5_profile</td>
<td></td>
<td>-1665639852</td>
<td>TestNg_Twitter.Twitter_5_profile@515aebb0</td></tr>
<tr>
<td title='TestNg_Twitter.Twitter_4_messages.Clearobject()'><b>Clearobject</b><br>Test class: TestNg_Twitter.Twitter_4_messages</td>
<td></td>
<td>-1665639852</td>
<td>TestNg_Twitter.Twitter_4_messages@37afeb11</td></tr>
<tr>
<td title='TestNg_Twitter.Twitter_3_notification.logintwitter()'><b>logintwitter</b><br>Test class: TestNg_Twitter.Twitter_3_notification</td>
<td></td>
<td>-1665639852</td>
<td>TestNg_Twitter.Twitter_3_notification@52bf72b5</td></tr>
<tr>
<td title='TestNg_Twitter.Twitter_2_search.openbrowsers()'><b>openbrowsers</b><br>Test class: TestNg_Twitter.Twitter_2_search</td>
<td></td>
<td>-1665639852</td>
<td>TestNg_Twitter.Twitter_2_search@6d763516</td></tr>
<tr>
<td title='TestNg_Twitter.Twitter_5_profile.openbrowserp()'><b>openbrowserp</b><br>Test class: TestNg_Twitter.Twitter_5_profile</td>
<td></td>
<td>-1665639852</td>
<td>TestNg_Twitter.Twitter_5_profile@515aebb0</td></tr>
<tr>
<td title='TestNg_Twitter.Twitter_5_profile.closebrowser()'><b>closebrowser</b><br>Test class: TestNg_Twitter.Twitter_5_profile</td>
<td></td>
<td>-1665639852</td>
<td>TestNg_Twitter.Twitter_5_profile@515aebb0</td></tr>
<tr>
<td title='TestNg_Twitter.Twitter_1_home.Clearobject()'><b>Clearobject</b><br>Test class: TestNg_Twitter.Twitter_1_home</td>
<td></td>
<td>-1665639852</td>
<td>TestNg_Twitter.Twitter_1_home@12468a38</td></tr>
<tr>
<td title='TestNg_Twitter.Twitter_4_messages.logintwitter()'><b>logintwitter</b><br>Test class: TestNg_Twitter.Twitter_4_messages</td>
<td></td>
<td>-1665639852</td>
<td>TestNg_Twitter.Twitter_4_messages@37afeb11</td></tr>
<tr>
<td title='TestNg_Twitter.Twitter_4_messages.closebrowser()'><b>closebrowser</b><br>Test class: TestNg_Twitter.Twitter_4_messages</td>
<td></td>
<td>-1665639852</td>
<td>TestNg_Twitter.Twitter_4_messages@37afeb11</td></tr>
<tr>
<td title='TestNg_Twitter.Twitter_2_search.closebrowser()'><b>closebrowser</b><br>Test class: TestNg_Twitter.Twitter_2_search</td>
<td></td>
<td>-1665639852</td>
<td>TestNg_Twitter.Twitter_2_search@6d763516</td></tr>
<tr>
<td title='TestNg_Twitter.Twitter_3_notification.createobjectn()'><b>createobjectn</b><br>Test class: TestNg_Twitter.Twitter_3_notification</td>
<td></td>
<td>-1665639852</td>
<td>TestNg_Twitter.Twitter_3_notification@52bf72b5</td></tr>
</table><p>
<table width='100%' border='1' class='invocation-skipped'>
<tr><td colspan='4' align='center'><b>SKIPPED TESTS</b></td></tr>
<tr><td><b>Test method</b></td>
<td width="30%"><b>Exception</b></td>
<td width="10%"><b>Time (seconds)</b></td>
<td><b>Instance</b></td>
</tr>
<tr>
<td title='TestNg_Twitter.Twitter_2_search.SearchSend()'><b>SearchSend</b><br>Test class: TestNg_Twitter.Twitter_2_search</td>
<td><div><pre>org.testng.TestNGException: 
Parameter &apos;browser&apos; is required by BeforeTest on method openbrowser but has not been marked @Optional or defined
in C:\Users\amolb\eclipse-workspace\june11\testngregressiontwitter.xml
... Removed 21 stack frames</pre></div><a href='#' onClick='toggleBox("stack-trace111900554", this, "Click to show all stack frames", "Click to hide stack frames")'>Click to show all stack frames</a>
<div class='stack-trace' id='stack-trace111900554'><pre>org.testng.TestNGException: 
Parameter &apos;browser&apos; is required by BeforeTest on method openbrowser but has not been marked @Optional or defined
in C:\Users\amolb\eclipse-workspace\june11\testngregressiontwitter.xml
	at org.testng.internal.Parameters.createParams(Parameters.java:270)
	at org.testng.internal.Parameters.createParametersForMethod(Parameters.java:358)
	at org.testng.internal.Parameters.createParameters(Parameters.java:700)
	at org.testng.internal.Parameters.createConfigurationParameters(Parameters.java:168)
	at org.testng.internal.ConfigInvoker.invokeConfigurations(ConfigInvoker.java:302)
	at org.testng.TestRunner.invokeTestConfigurations(TestRunner.java:637)
	at org.testng.TestRunner.beforeRun(TestRunner.java:627)
	at org.testng.TestRunner.run(TestRunner.java:589)
	at org.testng.SuiteRunner.runTest(SuiteRunner.java:377)
	at org.testng.SuiteRunner.runSequentially(SuiteRunner.java:371)
	at org.testng.SuiteRunner.privateRun(SuiteRunner.java:332)
	at org.testng.SuiteRunner.run(SuiteRunner.java:276)
	at org.testng.SuiteRunnerWorker.runSuite(SuiteRunnerWorker.java:53)
	at org.testng.SuiteRunnerWorker.run(SuiteRunnerWorker.java:96)
	at org.testng.TestNG.runSuitesSequentially(TestNG.java:1212)
	at org.testng.TestNG.runSuitesLocally(TestNG.java:1134)
	at org.testng.TestNG.runSuites(TestNG.java:1063)
	at org.testng.TestNG.run(TestNG.java:1031)
	at org.testng.remote.AbstractRemoteTestNG.run(AbstractRemoteTestNG.java:115)
	at org.testng.remote.RemoteTestNG.initAndRun(RemoteTestNG.java:251)
	at org.testng.remote.RemoteTestNG.main(RemoteTestNG.java:77)
</pre></div></td>
<td>0</td>
<td>TestNg_Twitter.Twitter_2_search@6d763516</td></tr>
<tr>
<td title='TestNg_Twitter.Twitter_1_home.HomeGIF()'><b>HomeGIF</b><br>Test class: TestNg_Twitter.Twitter_1_home</td>
<td><div><pre>org.testng.TestNGException: 
Parameter &apos;browser&apos; is required by BeforeTest on method openbrowser but has not been marked @Optional or defined
in C:\Users\amolb\eclipse-workspace\june11\testngregressiontwitter.xml
... Removed 21 stack frames</pre></div><a href='#' onClick='toggleBox("stack-trace391630194", this, "Click to show all stack frames", "Click to hide stack frames")'>Click to show all stack frames</a>
<div class='stack-trace' id='stack-trace391630194'><pre>org.testng.TestNGException: 
Parameter &apos;browser&apos; is required by BeforeTest on method openbrowser but has not been marked @Optional or defined
in C:\Users\amolb\eclipse-workspace\june11\testngregressiontwitter.xml
	at org.testng.internal.Parameters.createParams(Parameters.java:270)
	at org.testng.internal.Parameters.createParametersForMethod(Parameters.java:358)
	at org.testng.internal.Parameters.createParameters(Parameters.java:700)
	at org.testng.internal.Parameters.createConfigurationParameters(Parameters.java:168)
	at org.testng.internal.ConfigInvoker.invokeConfigurations(ConfigInvoker.java:302)
	at org.testng.TestRunner.invokeTestConfigurations(TestRunner.java:637)
	at org.testng.TestRunner.beforeRun(TestRunner.java:627)
	at org.testng.TestRunner.run(TestRunner.java:589)
	at org.testng.SuiteRunner.runTest(SuiteRunner.java:377)
	at org.testng.SuiteRunner.runSequentially(SuiteRunner.java:371)
	at org.testng.SuiteRunner.privateRun(SuiteRunner.java:332)
	at org.testng.SuiteRunner.run(SuiteRunner.java:276)
	at org.testng.SuiteRunnerWorker.runSuite(SuiteRunnerWorker.java:53)
	at org.testng.SuiteRunnerWorker.run(SuiteRunnerWorker.java:96)
	at org.testng.TestNG.runSuitesSequentially(TestNG.java:1212)
	at org.testng.TestNG.runSuitesLocally(TestNG.java:1134)
	at org.testng.TestNG.runSuites(TestNG.java:1063)
	at org.testng.TestNG.run(TestNG.java:1031)
	at org.testng.remote.AbstractRemoteTestNG.run(AbstractRemoteTestNG.java:115)
	at org.testng.remote.RemoteTestNG.initAndRun(RemoteTestNG.java:251)
	at org.testng.remote.RemoteTestNG.main(RemoteTestNG.java:77)
</pre></div></td>
<td>0</td>
<td>TestNg_Twitter.Twitter_1_home@12468a38</td></tr>
<tr>
<td title='TestNg_Twitter.Twitter_3_notification.Notifications()'><b>Notifications</b><br>Test class: TestNg_Twitter.Twitter_3_notification</td>
<td><div><pre>org.testng.TestNGException: 
Parameter &apos;browser&apos; is required by BeforeTest on method openbrowser but has not been marked @Optional or defined
in C:\Users\amolb\eclipse-workspace\june11\testngregressiontwitter.xml
... Removed 21 stack frames</pre></div><a href='#' onClick='toggleBox("stack-trace1491755116", this, "Click to show all stack frames", "Click to hide stack frames")'>Click to show all stack frames</a>
<div class='stack-trace' id='stack-trace1491755116'><pre>org.testng.TestNGException: 
Parameter &apos;browser&apos; is required by BeforeTest on method openbrowser but has not been marked @Optional or defined
in C:\Users\amolb\eclipse-workspace\june11\testngregressiontwitter.xml
	at org.testng.internal.Parameters.createParams(Parameters.java:270)
	at org.testng.internal.Parameters.createParametersForMethod(Parameters.java:358)
	at org.testng.internal.Parameters.createParameters(Parameters.java:700)
	at org.testng.internal.Parameters.createConfigurationParameters(Parameters.java:168)
	at org.testng.internal.ConfigInvoker.invokeConfigurations(ConfigInvoker.java:302)
	at org.testng.TestRunner.invokeTestConfigurations(TestRunner.java:637)
	at org.testng.TestRunner.beforeRun(TestRunner.java:627)
	at org.testng.TestRunner.run(TestRunner.java:589)
	at org.testng.SuiteRunner.runTest(SuiteRunner.java:377)
	at org.testng.SuiteRunner.runSequentially(SuiteRunner.java:371)
	at org.testng.SuiteRunner.privateRun(SuiteRunner.java:332)
	at org.testng.SuiteRunner.run(SuiteRunner.java:276)
	at org.testng.SuiteRunnerWorker.runSuite(SuiteRunnerWorker.java:53)
	at org.testng.SuiteRunnerWorker.run(SuiteRunnerWorker.java:96)
	at org.testng.TestNG.runSuitesSequentially(TestNG.java:1212)
	at org.testng.TestNG.runSuitesLocally(TestNG.java:1134)
	at org.testng.TestNG.runSuites(TestNG.java:1063)
	at org.testng.TestNG.run(TestNG.java:1031)
	at org.testng.remote.AbstractRemoteTestNG.run(AbstractRemoteTestNG.java:115)
	at org.testng.remote.RemoteTestNG.initAndRun(RemoteTestNG.java:251)
	at org.testng.remote.RemoteTestNG.main(RemoteTestNG.java:77)
</pre></div></td>
<td>0</td>
<td>TestNg_Twitter.Twitter_3_notification@52bf72b5</td></tr>
<tr>
<td title='TestNg_Twitter.Twitter_4_messages.Messages()'><b>Messages</b><br>Test class: TestNg_Twitter.Twitter_4_messages</td>
<td><div><pre>org.testng.TestNGException: 
Parameter &apos;browser&apos; is required by BeforeTest on method openbrowser but has not been marked @Optional or defined
in C:\Users\amolb\eclipse-workspace\june11\testngregressiontwitter.xml
... Removed 21 stack frames</pre></div><a href='#' onClick='toggleBox("stack-trace758119607", this, "Click to show all stack frames", "Click to hide stack frames")'>Click to show all stack frames</a>
<div class='stack-trace' id='stack-trace758119607'><pre>org.testng.TestNGException: 
Parameter &apos;browser&apos; is required by BeforeTest on method openbrowser but has not been marked @Optional or defined
in C:\Users\amolb\eclipse-workspace\june11\testngregressiontwitter.xml
	at org.testng.internal.Parameters.createParams(Parameters.java:270)
	at org.testng.internal.Parameters.createParametersForMethod(Parameters.java:358)
	at org.testng.internal.Parameters.createParameters(Parameters.java:700)
	at org.testng.internal.Parameters.createConfigurationParameters(Parameters.java:168)
	at org.testng.internal.ConfigInvoker.invokeConfigurations(ConfigInvoker.java:302)
	at org.testng.TestRunner.invokeTestConfigurations(TestRunner.java:637)
	at org.testng.TestRunner.beforeRun(TestRunner.java:627)
	at org.testng.TestRunner.run(TestRunner.java:589)
	at org.testng.SuiteRunner.runTest(SuiteRunner.java:377)
	at org.testng.SuiteRunner.runSequentially(SuiteRunner.java:371)
	at org.testng.SuiteRunner.privateRun(SuiteRunner.java:332)
	at org.testng.SuiteRunner.run(SuiteRunner.java:276)
	at org.testng.SuiteRunnerWorker.runSuite(SuiteRunnerWorker.java:53)
	at org.testng.SuiteRunnerWorker.run(SuiteRunnerWorker.java:96)
	at org.testng.TestNG.runSuitesSequentially(TestNG.java:1212)
	at org.testng.TestNG.runSuitesLocally(TestNG.java:1134)
	at org.testng.TestNG.runSuites(TestNG.java:1063)
	at org.testng.TestNG.run(TestNG.java:1031)
	at org.testng.remote.AbstractRemoteTestNG.run(AbstractRemoteTestNG.java:115)
	at org.testng.remote.RemoteTestNG.initAndRun(RemoteTestNG.java:251)
	at org.testng.remote.RemoteTestNG.main(RemoteTestNG.java:77)
</pre></div></td>
<td>0</td>
<td>TestNg_Twitter.Twitter_4_messages@37afeb11</td></tr>
<tr>
<td title='TestNg_Twitter.Twitter_5_profile.Profile()'><b>Profile</b><br>Test class: TestNg_Twitter.Twitter_5_profile</td>
<td><div><pre>org.testng.TestNGException: 
Parameter &apos;browser&apos; is required by BeforeTest on method openbrowser but has not been marked @Optional or defined
in C:\Users\amolb\eclipse-workspace\june11\testngregressiontwitter.xml
... Removed 21 stack frames</pre></div><a href='#' onClick='toggleBox("stack-trace1840903588", this, "Click to show all stack frames", "Click to hide stack frames")'>Click to show all stack frames</a>
<div class='stack-trace' id='stack-trace1840903588'><pre>org.testng.TestNGException: 
Parameter &apos;browser&apos; is required by BeforeTest on method openbrowser but has not been marked @Optional or defined
in C:\Users\amolb\eclipse-workspace\june11\testngregressiontwitter.xml
	at org.testng.internal.Parameters.createParams(Parameters.java:270)
	at org.testng.internal.Parameters.createParametersForMethod(Parameters.java:358)
	at org.testng.internal.Parameters.createParameters(Parameters.java:700)
	at org.testng.internal.Parameters.createConfigurationParameters(Parameters.java:168)
	at org.testng.internal.ConfigInvoker.invokeConfigurations(ConfigInvoker.java:302)
	at org.testng.TestRunner.invokeTestConfigurations(TestRunner.java:637)
	at org.testng.TestRunner.beforeRun(TestRunner.java:627)
	at org.testng.TestRunner.run(TestRunner.java:589)
	at org.testng.SuiteRunner.runTest(SuiteRunner.java:377)
	at org.testng.SuiteRunner.runSequentially(SuiteRunner.java:371)
	at org.testng.SuiteRunner.privateRun(SuiteRunner.java:332)
	at org.testng.SuiteRunner.run(SuiteRunner.java:276)
	at org.testng.SuiteRunnerWorker.runSuite(SuiteRunnerWorker.java:53)
	at org.testng.SuiteRunnerWorker.run(SuiteRunnerWorker.java:96)
	at org.testng.TestNG.runSuitesSequentially(TestNG.java:1212)
	at org.testng.TestNG.runSuitesLocally(TestNG.java:1134)
	at org.testng.TestNG.runSuites(TestNG.java:1063)
	at org.testng.TestNG.run(TestNG.java:1031)
	at org.testng.remote.AbstractRemoteTestNG.run(AbstractRemoteTestNG.java:115)
	at org.testng.remote.RemoteTestNG.initAndRun(RemoteTestNG.java:251)
	at org.testng.remote.RemoteTestNG.main(RemoteTestNG.java:77)
</pre></div></td>
<td>0</td>
<td>TestNg_Twitter.Twitter_5_profile@515aebb0</td></tr>
</table><p>
</body>
</html>