<?xml version="1.0" encoding="UTF-8"?>
<!-- Generated by org.testng.reporters.JUnitXMLReporter -->
<testsuite ignored="0" hostname="LAPTOP-EELAABPC" failures="0" tests="1" name="Default test" time="0.052" errors="0" timestamp="2022-10-19T15:58:48 IST">
  <testcase classname="TestNg_Twitter.Twitter_2_search" name="@BeforeTest openbrowsers" time="-1.666175328511E9">
    <failure type="org.testng.TestNGException" message="
Parameter &amp;apos;browser&amp;apos; is required by BeforeTest on method openbrowsers but has not been marked @Optional or defined
in C:\Users\amolb\AppData\Local\Temp\testng-eclipse--162906897\testng-customsuite.xml">
      <![CDATA[org.testng.TestNGException: 
Parameter 'browser' is required by BeforeTest on method openbrowsers but has not been marked @Optional or defined
in C:\Users\amolb\AppData\Local\Temp\testng-eclipse--162906897\testng-customsuite.xml
at org.testng.internal.Parameters.createParams(Parameters.java:270)
at org.testng.internal.Parameters.createParametersForMethod(Parameters.java:358)
at org.testng.internal.Parameters.createParameters(Parameters.java:700)
at org.testng.internal.Parameters.createConfigurationParameters(Parameters.java:168)
at org.testng.internal.ConfigInvoker.invokeConfigurations(ConfigInvoker.java:302)
at org.testng.TestRunner.invokeTestConfigurations(TestRunner.java:637)
at org.testng.TestRunner.beforeRun(TestRunner.java:627)
at org.testng.TestRunner.run(TestRunner.java:589)
at org.testng.SuiteRunner.runTest(SuiteRunner.java:377)
at org.testng.SuiteRunner.runSequentially(SuiteRunner.java:371)
at org.testng.SuiteRunner.privateRun(SuiteRunner.java:332)
at org.testng.SuiteRunner.run(SuiteRunner.java:276)
at org.testng.SuiteRunnerWorker.runSuite(SuiteRunnerWorker.java:53)
at org.testng.SuiteRunnerWorker.run(SuiteRunnerWorker.java:96)
at org.testng.TestNG.runSuitesSequentially(TestNG.java:1212)
at org.testng.TestNG.runSuitesLocally(TestNG.java:1134)
at org.testng.TestNG.runSuites(TestNG.java:1063)
at org.testng.TestNG.run(TestNG.java:1031)
at org.testng.remote.AbstractRemoteTestNG.run(AbstractRemoteTestNG.java:115)
at org.testng.remote.RemoteTestNG.initAndRun(RemoteTestNG.java:251)
at org.testng.remote.RemoteTestNG.main(RemoteTestNG.java:77)
]]>
    </failure>
  </testcase> <!-- @BeforeTest openbrowsers -->
  <testcase classname="TestNg_Twitter.Twitter_2_search" name="@BeforeClass createobjects" time="-1.666175328534E9">
    <skipped/>
  </testcase> <!-- @BeforeClass createobjects -->
  <testcase classname="TestNg_Twitter.Twitter_2_search" name="@BeforeMethod logintwitter" time="-1.666175328545E9">
    <skipped/>
  </testcase> <!-- @BeforeMethod logintwitter -->
  <testcase classname="TestNg_Twitter.Twitter_2_search" name="@AfterClass Clearobject" time="-1.66617532855E9">
    <skipped/>
  </testcase> <!-- @AfterClass Clearobject -->
  <testcase classname="TestNg_Twitter.Twitter_2_search" name="@AfterTest closebrowser" time="-1.666175328554E9">
    <skipped/>
  </testcase> <!-- @AfterTest closebrowser -->
  <testcase classname="TestNg_Twitter.Twitter_2_search" name="SearchSend" time="0.0">
    <skipped/>
  </testcase> <!-- SearchSend -->
</testsuite> <!-- Default test -->
